DEBUG    - 2024-02-27 21:42:35,167. В функции wrapper ('1-й четверг ноября',) {} 2024-11-07 00:00:00
DEBUG    - 2024-02-27 21:43:27,315. В функции wrapper string_to_date ('1-й четверг ноября',) {} 2024-11-07 00:00:00
DEBUG    - 2024-02-27 21:44:32,408. В функции string_to_date ('1-й четверг ноября',) {} 2024-11-07 00:00:00
DEBUG    - 2024-02-27 21:46:14,432. В функции string_to_date ('1-й четверг ноября',) {} 2024-11-07 00:00:00
DEBUG    - 2024-02-27 21:46:14,432. В функции string_to_date ('1-я суббота декабря',) {} 2024-12-07 00:00:00
DEBUG    - 2024-02-27 21:46:14,432. В функции string_to_date ('1-й понедельник мая',) {} 2024-05-06 00:00:00
DEBUG    - 2024-02-27 21:59:59,768. В функции string_to_date ('1-й четверг ноября',) {} 2024-11-07 00:00:00
DEBUG    - 2024-02-27 21:59:59,768. В функции string_to_date ('1-е воскресенье февраля',) {} 2024-02-04 00:00:00
DEBUG    - 2024-02-27 21:59:59,768. В функции string_to_date ('5-й четверг февраля',) {} 2024-02-29 00:00:00
DEBUG    - 2024-02-27 21:59:59,768. В функции string_to_date ('5-е воскресенье марта',) {} 2024-03-31 00:00:00
DEBUG    - 2024-02-27 21:59:59,768. В функции string_to_date ('5-е воскресенье марта',) {} 2024-03-31 00:00:00
DEBUG    - 2024-02-27 21:59:59,768. В функции string_to_date ('5-е пятница мая',) {} 2024-05-31 00:00:00
DEBUG    - 2024-02-27 22:01:52,418. В функции string_to_date ('1-й четверг ноября',) {} 2024-11-07 00:00:00
DEBUG    - 2024-02-27 22:01:52,419. В функции string_to_date ('1-е воскресенье февраля',) {} 2024-02-04 00:00:00
DEBUG    - 2024-02-27 22:01:52,419. В функции string_to_date ('5-й четверг февраля',) {} 2024-02-29 00:00:00
DEBUG    - 2024-02-27 22:01:52,419. В функции string_to_date ('5-е воскресенье марта',) {} 2024-03-31 00:00:00
DEBUG    - 2024-02-27 22:01:52,419. В функции string_to_date ('5-е воскресенье марта',) {} 2024-03-31 00:00:00
DEBUG    - 2024-02-27 22:01:52,419. В функции string_to_date ('5-е пятница мая',) {} 2024-05-31 00:00:00
DEBUG    - 2024-02-27 22:04:12,685. В функции string_to_date ('1-й четверг ноября',) {} 2024-11-07 00:00:00
DEBUG    - 2024-02-27 22:04:12,685. В функции string_to_date ('1-е воскресенье февраля',) {} 2024-02-04 00:00:00
DEBUG    - 2024-02-27 22:04:12,685. В функции string_to_date ('5-й четверг февраля',) {} 2024-02-29 00:00:00
DEBUG    - 2024-02-27 22:04:12,685. В функции string_to_date ('5-е воскресенье марта',) {} 2024-03-31 00:00:00
DEBUG    - 2024-02-27 22:04:12,685. В функции string_to_date ('5-е воскресенье марта',) {} 2024-03-31 00:00:00
DEBUG    - 2024-02-27 22:04:12,685. В функции string_to_date ('5-е пятница мая',) {} 2024-05-31 00:00:00
DEBUG    - 2024-02-27 22:04:12,694. В функции string_to_date ('2 вторник марта',) {} 2024-03-12 00:00:00
